<?xml version="1.0" encoding="UTF-8"?>
<!-- Generated by org.testng.reporters.JUnitXMLReporter -->
<testsuite ignored="2" hostname="DESKTOP-B4E308O" failures="0" tests="2" name="SampleTest" time="0.052" errors="0" timestamp="2021-09-05T23:27:26 IST">
  <testcase classname="ExcludeAndInclude.SampleTest" name="TestFirst" time="0.007"/>
  <testcase classname="ExcludeAndInclude.SampleTest" name="TestSecond" time="0.002"/>
  <testcase classname="ExcludeAndInclude.SampleTest" name="TestForth" time="0.0">
    <ignored/>
  </testcase> <!-- TestForth -->
  <testcase classname="ExcludeAndInclude.SampleTest" name="TestThird" time="0.0">
    <ignored/>
  </testcase> <!-- TestThird -->
</testsuite> <!-- SampleTest -->
