<?xml version="1.0" encoding="UTF-8"?>
<testng-results ignored="0" total="2" passed="2" failed="0" skipped="0">
  <reporter-output>
    <line>
      <![CDATA[This the logs generated for Login_Test ]]>
    </line>
    <line>
      <![CDATA[This the logs generated for Register_Test]]>
    </line>
  </reporter-output>
  <suite started-at="2021-09-06T21:41:05 IST" name="Default suite" finished-at="2021-09-06T21:41:05 IST" duration-ms="50">
    <groups>
    </groups>
    <test started-at="2021-09-06T21:41:05 IST" name="Default test" finished-at="2021-09-06T21:41:05 IST" duration-ms="50">
      <class name="ReporterLogs.AnnotationReprterLogs">
        <test-method signature="Login_Test()[pri:0, instance:ReporterLogs.AnnotationReprterLogs@4fb3ee4e]" started-at="2021-09-06T21:41:05 IST" name="Login_Test" finished-at="2021-09-06T21:41:05 IST" duration-ms="9" status="PASS">
          <reporter-output>
            <line>
              <![CDATA[This the logs generated for Login_Test ]]>
            </line>
          </reporter-output>
        </test-method> <!-- Login_Test -->
        <test-method signature="Register_Test()[pri:0, instance:ReporterLogs.AnnotationReprterLogs@4fb3ee4e]" started-at="2021-09-06T21:41:05 IST" name="Register_Test" finished-at="2021-09-06T21:41:05 IST" duration-ms="1" status="PASS">
          <reporter-output>
            <line>
              <![CDATA[This the logs generated for Register_Test]]>
            </line>
          </reporter-output>
        </test-method> <!-- Register_Test -->
      </class> <!-- ReporterLogs.AnnotationReprterLogs -->
    </test> <!-- Default test -->
  </suite> <!-- Default suite -->
</testng-results>
